# JRE version: Java(TM) SE Runtime Environment (8.0_181-b13) (build 1.8.0_181-b13)
# Java VM: Java HotSpot(TM) 64-Bit Server VM (25.181-b13 mixed mode windows-amd64 compressed oops)
Heap:
 PSYoungGen      total 2055680K, used 753042K [0x000000066b000000, 0x0000000727800000, 0x00000007c0000000)
  eden space 1096704K, 67% used [0x000000066b000000,0x00000006985df520,0x00000006adf00000)
  from space 958976K, 1% used [0x00000006ecf80000,0x00000006ed9056c8,0x0000000727800000)
  to   space 995840K, 0% used [0x00000006adf00000,0x00000006adf00000,0x00000006eab80000)
 ParOldGen       total 6413312K, used 5593625K [0x00000003c1000000, 0x0000000548700000, 0x000000066b000000)
  object space 6413312K, 87% used [0x00000003c1000000,0x0000000516686760,0x0000000548700000)
 Metaspace       used 30306K, capacity 30935K, committed 31280K, reserved 1077248K
  class space    used 3406K, capacity 3535K, committed 3632K, reserved 1048576K
GC Heap History (10 events):
Event: 411.130 GC heap before
{Heap before GC invocations=32 (full 4):
 PSYoungGen      total 2196480K, used 1091341K [0x000000066b000000, 0x0000000735a80000, 0x00000007c0000000)
  eden space 1082880K, 100% used [0x000000066b000000,0x00000006ad180000,0x00000006ad180000)
  from space 1113600K, 0% used [0x00000006ad180000,0x00000006ad9c3408,0x00000006f1100000)
  to   space 1115648K, 0% used [0x00000006f1900000,0x00000006f1900000,0x0000000735a80000)
 ParOldGen       total 6413312K, used 5593521K [0x00000003c1000000, 0x0000000548700000, 0x000000066b000000)
  object space 6413312K, 87% used [0x00000003c1000000,0x000000051666c760,0x0000000548700000)
 Metaspace       used 29891K, capacity 30539K, committed 30768K, reserved 1077248K
  class space    used 3387K, capacity 3533K, committed 3632K, reserved 1048576K
Event: 411.227 GC heap after
Heap after GC invocations=32 (full 4):
 PSYoungGen      total 2185216K, used 9653K [0x000000066b000000, 0x0000000734800000, 0x00000007c0000000)
  eden space 1088512K, 0% used [0x000000066b000000,0x000000066b000000,0x00000006ad700000)
  from space 1096704K, 0% used [0x00000006f1900000,0x00000006f226d6c8,0x0000000734800000)
  to   space 1106432K, 0% used [0x00000006ad700000,0x00000006ad700000,0x00000006f0f80000)
 ParOldGen       total 6413312K, used 5593529K [0x00000003c1000000, 0x0000000548700000, 0x000000066b000000)
  object space 6413312K, 87% used [0x00000003c1000000,0x000000051666e760,0x0000000548700000)
 Metaspace       used 29891K, capacity 30539K, committed 30768K, reserved 1077248K
  class space    used 3387K, capacity 3533K, committed 3632K, reserved 1048576K
}
Event: 424.478 GC heap before
{Heap before GC invocations=33 (full 4):
 PSYoungGen      total 2185216K, used 1098165K [0x000000066b000000, 0x0000000734800000, 0x00000007c0000000)
  eden space 1088512K, 100% used [0x000000066b000000,0x00000006ad700000,0x00000006ad700000)
  from space 1096704K, 0% used [0x00000006f1900000,0x00000006f226d6c8,0x0000000734800000)
  to   space 1106432K, 0% used [0x00000006ad700000,0x00000006ad700000,0x00000006f0f80000)
 ParOldGen       total 6413312K, used 5593529K [0x00000003c1000000, 0x0000000548700000, 0x000000066b000000)
  object space 6413312K, 87% used [0x00000003c1000000,0x000000051666e760,0x0000000548700000)
 Metaspace       used 29892K, capacity 30539K, committed 30768K, reserved 1077248K
  class space    used 3387K, capacity 3533K, committed 3632K, reserved 1048576K
Event: 424.499 GC heap after
Heap after GC invocations=33 (full 4):
 PSYoungGen      total 1096192K, used 7316K [0x000000066b000000, 0x0000000732900000, 0x00000007c0000000)
  eden space 1088512K, 0% used [0x000000066b000000,0x000000066b000000,0x00000006ad700000)
  from space 7680K, 95% used [0x00000006ad700000,0x00000006ade25178,0x00000006ade80000)
  to   space 1088000K, 0% used [0x00000006f0280000,0x00000006f0280000,0x0000000732900000)
 ParOldGen       total 6413312K, used 5593537K [0x00000003c1000000, 0x0000000548700000, 0x000000066b000000)
  object space 6413312K, 87% used [0x00000003c1000000,0x0000000516670760,0x0000000548700000)
 Metaspace       used 29892K, capacity 30539K, committed 30768K, reserved 1077248K
  class space    used 3387K, capacity 3533K, committed 3632K, reserved 1048576K
}
Event: 438.769 GC heap before
{Heap before GC invocations=34 (full 4):
 PSYoungGen      total 1096192K, used 1095828K [0x000000066b000000, 0x0000000732900000, 0x00000007c0000000)
  eden space 1088512K, 100% used [0x000000066b000000,0x00000006ad700000,0x00000006ad700000)
  from space 7680K, 95% used [0x00000006ad700000,0x00000006ade25178,0x00000006ade80000)
  to   space 1088000K, 0% used [0x00000006f0280000,0x00000006f0280000,0x0000000732900000)
 ParOldGen       total 6413312K, used 5593537K [0x00000003c1000000, 0x0000000548700000, 0x000000066b000000)
  object space 6413312K, 87% used [0x00000003c1000000,0x0000000516670760,0x0000000548700000)
 Metaspace       used 29893K, capacity 30543K, committed 30768K, reserved 1077248K
  class space    used 3387K, capacity 3533K, committed 3632K, reserved 1048576K
Event: 438.790 GC heap after
Heap after GC invocations=34 (full 4):
 PSYoungGen      total 2127360K, used 9229K [0x000000066b000000, 0x000000072f500000, 0x00000007c0000000)
  eden space 1092608K, 0% used [0x000000066b000000,0x000000066b000000,0x00000006adb00000)
  from space 1034752K, 0% used [0x00000006f0280000,0x00000006f0b83408,0x000000072f500000)
  to   space 1061888K, 0% used [0x00000006adb00000,0x00000006adb00000,0x00000006ee800000)
 ParOldGen       total 6413312K, used 5593561K [0x00000003c1000000, 0x0000000548700000, 0x000000066b000000)
  object space 6413312K, 87% used [0x00000003c1000000,0x0000000516676760,0x0000000548700000)
 Metaspace       used 29893K, capacity 30543K, committed 30768K, reserved 1077248K
  class space    used 3387K, capacity 3533K, committed 3632K, reserved 1048576K
}
Event: 461.467 GC heap before
{Heap before GC invocations=35 (full 4):
 PSYoungGen      total 2127360K, used 1101837K [0x000000066b000000, 0x000000072f500000, 0x00000007c0000000)
  eden space 1092608K, 100% used [0x000000066b000000,0x00000006adb00000,0x00000006adb00000)
  from space 1034752K, 0% used [0x00000006f0280000,0x00000006f0b83408,0x000000072f500000)
  to   space 1061888K, 0% used [0x00000006adb00000,0x00000006adb00000,0x00000006ee800000)
 ParOldGen       total 6413312K, used 5593561K [0x00000003c1000000, 0x0000000548700000, 0x000000066b000000)
  object space 6413312K, 87% used [0x00000003c1000000,0x0000000516676760,0x0000000548700000)
 Metaspace       used 29895K, capacity 30543K, committed 30768K, reserved 1077248K
  class space    used 3387K, capacity 3533K, committed 3632K, reserved 1048576K
Event: 461.548 GC heap after
Heap after GC invocations=35 (full 4):
 PSYoungGen      total 1094144K, used 1309K [0x000000066b000000, 0x000000072bf80000, 0x00000007c0000000)
  eden space 1092608K, 0% used [0x000000066b000000,0x000000066b000000,0x00000006adb00000)
  from space 1536K, 85% used [0x00000006adb00000,0x00000006adc47418,0x00000006adc80000)
  to   space 1032192K, 0% used [0x00000006ecf80000,0x00000006ecf80000,0x000000072bf80000)
 ParOldGen       total 6413312K, used 5593601K [0x00000003c1000000, 0x0000000548700000, 0x000000066b000000)
  object space 6413312K, 87% used [0x00000003c1000000,0x0000000516680760,0x0000000548700000)
 Metaspace       used 29895K, capacity 30543K, committed 30768K, reserved 1077248K
  class space    used 3387K, capacity 3533K, committed 3632K, reserved 1048576K
}
Event: 475.989 GC heap before
{Heap before GC invocations=36 (full 4):
 PSYoungGen      total 1094144K, used 1093917K [0x000000066b000000, 0x000000072bf80000, 0x00000007c0000000)
  eden space 1092608K, 100% used [0x000000066b000000,0x00000006adb00000,0x00000006adb00000)
  from space 1536K, 85% used [0x00000006adb00000,0x00000006adc47418,0x00000006adc80000)
  to   space 1032192K, 0% used [0x00000006ecf80000,0x00000006ecf80000,0x000000072bf80000)
 ParOldGen       total 6413312K, used 5593601K [0x00000003c1000000, 0x0000000548700000, 0x000000066b000000)
  object space 6413312K, 87% used [0x00000003c1000000,0x0000000516680760,0x0000000548700000)
 Metaspace       used 29895K, capacity 30543K, committed 30768K, reserved 1077248K
  class space    used 3387K, capacity 3533K, committed 3632K, reserved 1048576K
Event: 476.016 GC heap after
Heap after GC invocations=36 (full 4):
 PSYoungGen      total 2055680K, used 9749K [0x000000066b000000, 0x0000000727800000, 0x00000007c0000000)
  eden space 1096704K, 0% used [0x000000066b000000,0x000000066b000000,0x00000006adf00000)
  from space 958976K, 1% used [0x00000006ecf80000,0x00000006ed9056c8,0x0000000727800000)
  to   space 995840K, 0% used [0x00000006adf00000,0x00000006adf00000,0x00000006eab80000)
 ParOldGen       total 6413312K, used 5593625K [0x00000003c1000000, 0x0000000548700000, 0x000000066b000000)
  object space 6413312K, 87% used [0x00000003c1000000,0x0000000516686760,0x0000000548700000)
 Metaspace       used 29895K, capacity 30543K, committed 30768K, reserved 1077248K
  class space    used 3387K, capacity 3533K, committed 3632K, reserved 1048576K
}

