# JRE version: Java(TM) SE Runtime Environment (8.0_181-b13) (build 1.8.0_181-b13)
# Java VM: Java HotSpot(TM) 64-Bit Server VM (25.181-b13 mixed mode windows-amd64 compressed oops)
Heap:
 PSYoungGen      total 2648064K, used 1702609K [0x000000066b000000, 0x000000075f200000, 0x00000007c0000000)
  eden space 1313792K, 68% used [0x000000066b000000,0x00000006a20e59d0,0x00000006bb300000)
  from space 1334272K, 60% used [0x000000070db00000,0x000000073e8ceb78,0x000000075f200000)
  to   space 1342976K, 0% used [0x00000006bb300000,0x00000006bb300000,0x000000070d280000)
 ParOldGen       total 6261760K, used 4801363K [0x00000003c1000000, 0x000000053f300000, 0x000000066b000000)
  object space 6261760K, 76% used [0x00000003c1000000,0x00000004e60d4c00,0x000000053f300000)
 Metaspace       used 29960K, capacity 30605K, committed 30720K, reserved 1077248K
  class space    used 3396K, capacity 3558K, committed 3584K, reserved 1048576K
GC Heap History (10 events):
Event: 293.226 GC heap before
{Heap before GC invocations=18 (full 4):
 PSYoungGen      total 2323456K, used 1900337K [0x000000066b000000, 0x0000000751580000, 0x00000007c0000000)
  eden space 1101824K, 100% used [0x000000066b000000,0x00000006ae400000,0x00000006ae400000)
  from space 1221632K, 65% used [0x00000006ae400000,0x00000006defcc670,0x00000006f8d00000)
  to   space 1268224K, 0% used [0x0000000703f00000,0x0000000703f00000,0x0000000751580000)
 ParOldGen       total 6261760K, used 4801331K [0x00000003c1000000, 0x000000053f300000, 0x000000066b000000)
  object space 6261760K, 76% used [0x00000003c1000000,0x00000004e60ccc00,0x000000053f300000)
 Metaspace       used 28348K, capacity 28885K, committed 29072K, reserved 1075200K
  class space    used 3273K, capacity 3390K, committed 3456K, reserved 1048576K
Event: 293.315 GC heap after
Heap after GC invocations=18 (full 4):
 PSYoungGen      total 2471424K, used 800430K [0x000000066b000000, 0x0000000753e80000, 0x00000007c0000000)
  eden space 1203200K, 0% used [0x000000066b000000,0x000000066b000000,0x00000006b4700000)
  from space 1268224K, 63% used [0x0000000703f00000,0x0000000734cab868,0x0000000751580000)
  to   space 1302528K, 0% used [0x00000006b4700000,0x00000006b4700000,0x0000000703f00000)
 ParOldGen       total 6261760K, used 4801331K [0x00000003c1000000, 0x000000053f300000, 0x000000066b000000)
  object space 6261760K, 76% used [0x00000003c1000000,0x00000004e60ccc00,0x000000053f300000)
 Metaspace       used 28348K, capacity 28885K, committed 29072K, reserved 1075200K
  class space    used 3273K, capacity 3390K, committed 3456K, reserved 1048576K
}
Event: 321.190 GC heap before
{Heap before GC invocations=19 (full 4):
 PSYoungGen      total 2471424K, used 2003630K [0x000000066b000000, 0x0000000753e80000, 0x00000007c0000000)
  eden space 1203200K, 100% used [0x000000066b000000,0x00000006b4700000,0x00000006b4700000)
  from space 1268224K, 63% used [0x0000000703f00000,0x0000000734cab868,0x0000000751580000)
  to   space 1302528K, 0% used [0x00000006b4700000,0x00000006b4700000,0x0000000703f00000)
 ParOldGen       total 6261760K, used 4801331K [0x00000003c1000000, 0x000000053f300000, 0x000000066b000000)
  object space 6261760K, 76% used [0x00000003c1000000,0x00000004e60ccc00,0x000000053f300000)
 Metaspace       used 29384K, capacity 29991K, committed 30208K, reserved 1077248K
  class space    used 3376K, capacity 3525K, committed 3584K, reserved 1048576K
Event: 321.268 GC heap after
Heap after GC invocations=19 (full 4):
 PSYoungGen      total 2505728K, used 794220K [0x000000066b000000, 0x000000075bb00000, 0x00000007c0000000)
  eden space 1203200K, 0% used [0x000000066b000000,0x000000066b000000,0x00000006b4700000)
  from space 1302528K, 60% used [0x00000006b4700000,0x00000006e4e9b290,0x0000000703f00000)
  to   space 1322496K, 0% used [0x000000070af80000,0x000000070af80000,0x000000075bb00000)
 ParOldGen       total 6261760K, used 4801339K [0x00000003c1000000, 0x000000053f300000, 0x000000066b000000)
  object space 6261760K, 76% used [0x00000003c1000000,0x00000004e60cec00,0x000000053f300000)
 Metaspace       used 29384K, capacity 29991K, committed 30208K, reserved 1077248K
  class space    used 3376K, capacity 3525K, committed 3584K, reserved 1048576K
}
Event: 355.021 GC heap before
{Heap before GC invocations=20 (full 4):
 PSYoungGen      total 2505728K, used 1997420K [0x000000066b000000, 0x000000075bb00000, 0x00000007c0000000)
  eden space 1203200K, 100% used [0x000000066b000000,0x00000006b4700000,0x00000006b4700000)
  from space 1302528K, 60% used [0x00000006b4700000,0x00000006e4e9b290,0x0000000703f00000)
  to   space 1322496K, 0% used [0x000000070af80000,0x000000070af80000,0x000000075bb00000)
 ParOldGen       total 6261760K, used 4801339K [0x00000003c1000000, 0x000000053f300000, 0x000000066b000000)
  object space 6261760K, 76% used [0x00000003c1000000,0x00000004e60cec00,0x000000053f300000)
 Metaspace       used 29388K, capacity 29991K, committed 30208K, reserved 1077248K
  class space    used 3378K, capacity 3525K, committed 3584K, reserved 1048576K
Event: 355.103 GC heap after
Heap after GC invocations=20 (full 4):
 PSYoungGen      total 2601472K, used 800650K [0x000000066b000000, 0x000000075c300000, 0x00000007c0000000)
  eden space 1278976K, 0% used [0x000000066b000000,0x000000066b000000,0x00000006b9100000)
  from space 1322496K, 60% used [0x000000070af80000,0x000000073bd62bc8,0x000000075bb00000)
  to   space 1336320K, 0% used [0x00000006b9100000,0x00000006b9100000,0x000000070aa00000)
 ParOldGen       total 6261760K, used 4801347K [0x00000003c1000000, 0x000000053f300000, 0x000000066b000000)
  object space 6261760K, 76% used [0x00000003c1000000,0x00000004e60d0c00,0x000000053f300000)
 Metaspace       used 29388K, capacity 29991K, committed 30208K, reserved 1077248K
  class space    used 3378K, capacity 3525K, committed 3584K, reserved 1048576K
}
Event: 412.389 GC heap before
{Heap before GC invocations=21 (full 4):
 PSYoungGen      total 2601472K, used 2079626K [0x000000066b000000, 0x000000075c300000, 0x00000007c0000000)
  eden space 1278976K, 100% used [0x000000066b000000,0x00000006b9100000,0x00000006b9100000)
  from space 1322496K, 60% used [0x000000070af80000,0x000000073bd62bc8,0x000000075bb00000)
  to   space 1336320K, 0% used [0x00000006b9100000,0x00000006b9100000,0x000000070aa00000)
 ParOldGen       total 6261760K, used 4801347K [0x00000003c1000000, 0x000000053f300000, 0x000000066b000000)
  object space 6261760K, 76% used [0x00000003c1000000,0x00000004e60d0c00,0x000000053f300000)
 Metaspace       used 29683K, capacity 30247K, committed 30464K, reserved 1077248K
  class space    used 3378K, capacity 3525K, committed 3584K, reserved 1048576K
Event: 412.523 GC heap after
Heap after GC invocations=21 (full 4):
 PSYoungGen      total 2615296K, used 807096K [0x000000066b000000, 0x000000075fb80000, 0x00000007c0000000)
  eden space 1278976K, 0% used [0x000000066b000000,0x000000066b000000,0x00000006b9100000)
  from space 1336320K, 60% used [0x00000006b9100000,0x00000006ea52e150,0x000000070aa00000)
  to   space 1344000K, 0% used [0x000000070db00000,0x000000070db00000,0x000000075fb80000)
 ParOldGen       total 6261760K, used 4801355K [0x00000003c1000000, 0x000000053f300000, 0x000000066b000000)
  object space 6261760K, 76% used [0x00000003c1000000,0x00000004e60d2c00,0x000000053f300000)
 Metaspace       used 29683K, capacity 30247K, committed 30464K, reserved 1077248K
  class space    used 3378K, capacity 3525K, committed 3584K, reserved 1048576K
}
Event: 453.961 GC heap before
{Heap before GC invocations=22 (full 4):
 PSYoungGen      total 2615296K, used 2086072K [0x000000066b000000, 0x000000075fb80000, 0x00000007c0000000)
  eden space 1278976K, 100% used [0x000000066b000000,0x00000006b9100000,0x00000006b9100000)
  from space 1336320K, 60% used [0x00000006b9100000,0x00000006ea52e150,0x000000070aa00000)
  to   space 1344000K, 0% used [0x000000070db00000,0x000000070db00000,0x000000075fb80000)
 ParOldGen       total 6261760K, used 4801355K [0x00000003c1000000, 0x000000053f300000, 0x000000066b000000)
  object space 6261760K, 76% used [0x00000003c1000000,0x00000004e60d2c00,0x000000053f300000)
 Metaspace       used 29687K, capacity 30247K, committed 30464K, reserved 1077248K
  class space    used 3378K, capacity 3525K, committed 3584K, reserved 1048576K
Event: 454.119 GC heap after
Heap after GC invocations=22 (full 4):
 PSYoungGen      total 2648064K, used 800570K [0x000000066b000000, 0x000000075f200000, 0x00000007c0000000)
  eden space 1313792K, 0% used [0x000000066b000000,0x000000066b000000,0x00000006bb300000)
  from space 1334272K, 60% used [0x000000070db00000,0x000000073e8ceb78,0x000000075f200000)
  to   space 1342976K, 0% used [0x00000006bb300000,0x00000006bb300000,0x000000070d280000)
 ParOldGen       total 6261760K, used 4801363K [0x00000003c1000000, 0x000000053f300000, 0x000000066b000000)
  object space 6261760K, 76% used [0x00000003c1000000,0x00000004e60d4c00,0x000000053f300000)
 Metaspace       used 29687K, capacity 30247K, committed 30464K, reserved 1077248K
  class space    used 3378K, capacity 3525K, committed 3584K, reserved 1048576K
}

